{"/Users/JeremiahAlex/Dropbox (Personal)/Dev/wdi-instructor-challenge/node-backend-starter-code/server.js":{"path":"/Users/JeremiahAlex/Dropbox (Personal)/Dev/wdi-instructor-challenge/node-backend-starter-code/server.js","s":{"1":1,"2":1,"3":1,"4":1,"5":1,"6":1,"7":1,"8":1,"9":1,"10":1,"11":1,"12":1,"13":1,"14":1,"15":1,"16":0,"17":1,"18":1,"19":0,"20":1,"21":1,"22":1,"23":1,"24":1,"25":1,"26":1,"27":1,"28":1,"29":0,"30":1,"31":1,"32":0,"33":1,"34":1,"35":1,"36":1,"37":1,"38":1,"39":1,"40":0,"41":1,"42":0,"43":1,"44":1,"45":1,"46":1,"47":0,"48":1,"49":1,"50":1},"b":{"1":[0,1],"2":[0,1],"3":[1,0],"4":[1,0],"5":[0,1],"6":[1,1],"7":[0,1],"8":[1,0],"9":[0,1],"10":[1,0]},"f":{"1":1,"2":1,"3":1,"4":1,"5":1,"6":1,"7":1,"8":1},"fnMap":{"1":{"name":"(anonymous_1)","line":27,"loc":{"start":{"line":27,"column":28},"end":{"line":27,"column":46}}},"2":{"name":"(anonymous_2)","line":35,"loc":{"start":{"line":35,"column":41},"end":{"line":35,"column":62}}},"3":{"name":"(anonymous_3)","line":45,"loc":{"start":{"line":45,"column":23},"end":{"line":45,"column":41}}},"4":{"name":"(anonymous_4)","line":63,"loc":{"start":{"line":63,"column":55},"end":{"line":63,"column":76}}},"5":{"name":"(anonymous_5)","line":75,"loc":{"start":{"line":75,"column":20},"end":{"line":75,"column":33}}},"6":{"name":"(anonymous_6)","line":90,"loc":{"start":{"line":90,"column":30},"end":{"line":90,"column":49}}},"7":{"name":"(anonymous_7)","line":92,"loc":{"start":{"line":92,"column":43},"end":{"line":92,"column":64}}},"8":{"name":"(anonymous_8)","line":101,"loc":{"start":{"line":101,"column":17},"end":{"line":101,"column":27}}}},"statementMap":{"1":{"start":{"line":10,"column":0},"end":{"line":10,"column":27}},"2":{"start":{"line":13,"column":0},"end":{"line":13,"column":33}},"3":{"start":{"line":14,"column":0},"end":{"line":14,"column":20}},"4":{"start":{"line":15,"column":0},"end":{"line":15,"column":23}},"5":{"start":{"line":16,"column":0},"end":{"line":16,"column":27}},"6":{"start":{"line":17,"column":0},"end":{"line":17,"column":40}},"7":{"start":{"line":18,"column":0},"end":{"line":18,"column":41}},"8":{"start":{"line":19,"column":0},"end":{"line":19,"column":25}},"9":{"start":{"line":20,"column":0},"end":{"line":20,"column":41}},"10":{"start":{"line":22,"column":0},"end":{"line":22,"column":57}},"11":{"start":{"line":23,"column":0},"end":{"line":23,"column":51}},"12":{"start":{"line":24,"column":0},"end":{"line":24,"column":27}},"13":{"start":{"line":27,"column":0},"end":{"line":42,"column":3}},"14":{"start":{"line":28,"column":2},"end":{"line":28,"column":52}},"15":{"start":{"line":30,"column":2},"end":{"line":32,"column":3}},"16":{"start":{"line":31,"column":4},"end":{"line":31,"column":71}},"17":{"start":{"line":35,"column":2},"end":{"line":41,"column":34}},"18":{"start":{"line":36,"column":4},"end":{"line":40,"column":5}},"19":{"start":{"line":37,"column":6},"end":{"line":37,"column":49}},"20":{"start":{"line":39,"column":6},"end":{"line":39,"column":51}},"21":{"start":{"line":45,"column":0},"end":{"line":87,"column":3}},"22":{"start":{"line":46,"column":2},"end":{"line":46,"column":52}},"23":{"start":{"line":49,"column":2},"end":{"line":49,"column":22}},"24":{"start":{"line":50,"column":2},"end":{"line":50,"column":27}},"25":{"start":{"line":52,"column":2},"end":{"line":55,"column":3}},"26":{"start":{"line":53,"column":4},"end":{"line":53,"column":19}},"27":{"start":{"line":54,"column":4},"end":{"line":54,"column":30}},"28":{"start":{"line":58,"column":2},"end":{"line":60,"column":3}},"29":{"start":{"line":59,"column":4},"end":{"line":59,"column":69}},"30":{"start":{"line":63,"column":2},"end":{"line":86,"column":5}},"31":{"start":{"line":64,"column":4},"end":{"line":85,"column":5}},"32":{"start":{"line":65,"column":6},"end":{"line":65,"column":50}},"33":{"start":{"line":68,"column":6},"end":{"line":84,"column":7}},"34":{"start":{"line":70,"column":8},"end":{"line":70,"column":33}},"35":{"start":{"line":71,"column":8},"end":{"line":71,"column":40}},"36":{"start":{"line":72,"column":8},"end":{"line":72,"column":38}},"37":{"start":{"line":73,"column":8},"end":{"line":73,"column":27}},"38":{"start":{"line":75,"column":8},"end":{"line":81,"column":11}},"39":{"start":{"line":76,"column":10},"end":{"line":80,"column":11}},"40":{"start":{"line":77,"column":12},"end":{"line":77,"column":55}},"41":{"start":{"line":79,"column":12},"end":{"line":79,"column":76}},"42":{"start":{"line":83,"column":8},"end":{"line":83,"column":74}},"43":{"start":{"line":90,"column":0},"end":{"line":99,"column":3}},"44":{"start":{"line":92,"column":4},"end":{"line":98,"column":7}},"45":{"start":{"line":93,"column":6},"end":{"line":97,"column":7}},"46":{"start":{"line":94,"column":8},"end":{"line":94,"column":67}},"47":{"start":{"line":96,"column":8},"end":{"line":96,"column":65}},"48":{"start":{"line":101,"column":0},"end":{"line":103,"column":3}},"49":{"start":{"line":102,"column":2},"end":{"line":102,"column":40}},"50":{"start":{"line":106,"column":0},"end":{"line":106,"column":21}}},"branchMap":{"1":{"line":30,"type":"if","locations":[{"start":{"line":30,"column":2},"end":{"line":30,"column":2}},{"start":{"line":30,"column":2},"end":{"line":30,"column":2}}]},"2":{"line":36,"type":"if","locations":[{"start":{"line":36,"column":4},"end":{"line":36,"column":4}},{"start":{"line":36,"column":4},"end":{"line":36,"column":4}}]},"3":{"line":52,"type":"if","locations":[{"start":{"line":52,"column":2},"end":{"line":52,"column":2}},{"start":{"line":52,"column":2},"end":{"line":52,"column":2}}]},"4":{"line":52,"type":"binary-expr","locations":[{"start":{"line":52,"column":7},"end":{"line":52,"column":12}},{"start":{"line":52,"column":16},"end":{"line":52,"column":32}}]},"5":{"line":58,"type":"if","locations":[{"start":{"line":58,"column":2},"end":{"line":58,"column":2}},{"start":{"line":58,"column":2},"end":{"line":58,"column":2}}]},"6":{"line":58,"type":"binary-expr","locations":[{"start":{"line":58,"column":7},"end":{"line":58,"column":23}},{"start":{"line":58,"column":27},"end":{"line":58,"column":42}}]},"7":{"line":64,"type":"if","locations":[{"start":{"line":64,"column":4},"end":{"line":64,"column":4}},{"start":{"line":64,"column":4},"end":{"line":64,"column":4}}]},"8":{"line":68,"type":"if","locations":[{"start":{"line":68,"column":6},"end":{"line":68,"column":6}},{"start":{"line":68,"column":6},"end":{"line":68,"column":6}}]},"9":{"line":76,"type":"if","locations":[{"start":{"line":76,"column":10},"end":{"line":76,"column":10}},{"start":{"line":76,"column":10},"end":{"line":76,"column":10}}]},"10":{"line":93,"type":"if","locations":[{"start":{"line":93,"column":6},"end":{"line":93,"column":6}},{"start":{"line":93,"column":6},"end":{"line":93,"column":6}}]}}},"/Users/JeremiahAlex/Dropbox (Personal)/Dev/wdi-instructor-challenge/node-backend-starter-code/db.js":{"path":"/Users/JeremiahAlex/Dropbox (Personal)/Dev/wdi-instructor-challenge/node-backend-starter-code/db.js","s":{"1":1,"2":1,"3":1},"b":{},"f":{},"fnMap":{},"statementMap":{"1":{"start":{"line":1,"column":0},"end":{"line":1,"column":35}},"2":{"start":{"line":4,"column":0},"end":{"line":4,"column":43}},"3":{"start":{"line":6,"column":0},"end":{"line":6,"column":37}}},"branchMap":{}},"/Users/JeremiahAlex/Dropbox (Personal)/Dev/wdi-instructor-challenge/node-backend-starter-code/models/movie.js":{"path":"/Users/JeremiahAlex/Dropbox (Personal)/Dev/wdi-instructor-challenge/node-backend-starter-code/models/movie.js","s":{"1":1,"2":1,"3":1,"4":1},"b":{},"f":{},"fnMap":{},"statementMap":{"1":{"start":{"line":1,"column":0},"end":{"line":1,"column":35}},"2":{"start":{"line":2,"column":0},"end":{"line":2,"column":29}},"3":{"start":{"line":4,"column":0},"end":{"line":8,"column":3}},"4":{"start":{"line":10,"column":0},"end":{"line":10,"column":54}}},"branchMap":{}}}