TN:
SF:/Users/JeremiahAlex/Dropbox (Personal)/Dev/wdi-instructor-challenge/node-backend-starter-code/server.js
FN:27,(anonymous_1)
FN:35,(anonymous_2)
FN:45,(anonymous_3)
FN:63,(anonymous_4)
FN:75,(anonymous_5)
FN:90,(anonymous_6)
FN:92,(anonymous_7)
FN:101,(anonymous_8)
FNF:8
FNH:8
FNDA:1,(anonymous_1)
FNDA:1,(anonymous_2)
FNDA:1,(anonymous_3)
FNDA:1,(anonymous_4)
FNDA:1,(anonymous_5)
FNDA:1,(anonymous_6)
FNDA:1,(anonymous_7)
FNDA:1,(anonymous_8)
DA:10,1
DA:13,1
DA:14,1
DA:15,1
DA:16,1
DA:17,1
DA:18,1
DA:19,1
DA:20,1
DA:22,1
DA:23,1
DA:24,1
DA:27,1
DA:28,1
DA:30,1
DA:31,0
DA:35,1
DA:36,1
DA:37,0
DA:39,1
DA:45,1
DA:46,1
DA:49,1
DA:50,1
DA:52,1
DA:53,1
DA:54,1
DA:58,1
DA:59,0
DA:63,1
DA:64,1
DA:65,0
DA:68,1
DA:70,1
DA:71,1
DA:72,1
DA:73,1
DA:75,1
DA:76,1
DA:77,0
DA:79,1
DA:83,0
DA:90,1
DA:92,1
DA:93,1
DA:94,1
DA:96,0
DA:101,1
DA:102,1
DA:106,1
LF:50
LH:43
BRDA:30,1,0,0
BRDA:30,1,1,1
BRDA:36,2,0,0
BRDA:36,2,1,1
BRDA:52,3,0,1
BRDA:52,3,1,0
BRDA:52,4,0,1
BRDA:52,4,1,0
BRDA:58,5,0,0
BRDA:58,5,1,1
BRDA:58,6,0,1
BRDA:58,6,1,1
BRDA:64,7,0,0
BRDA:64,7,1,1
BRDA:68,8,0,1
BRDA:68,8,1,0
BRDA:76,9,0,0
BRDA:76,9,1,1
BRDA:93,10,0,1
BRDA:93,10,1,0
BRF:20
BRH:11
end_of_record
TN:
SF:/Users/JeremiahAlex/Dropbox (Personal)/Dev/wdi-instructor-challenge/node-backend-starter-code/db.js
FNF:0
FNH:0
DA:1,1
DA:4,1
DA:6,1
LF:3
LH:3
BRF:0
BRH:0
end_of_record
TN:
SF:/Users/JeremiahAlex/Dropbox (Personal)/Dev/wdi-instructor-challenge/node-backend-starter-code/models/movie.js
FNF:0
FNH:0
DA:1,1
DA:2,1
DA:4,1
DA:10,1
LF:4
LH:4
BRF:0
BRH:0
end_of_record
